Build started 8/3/2017 12:45:05 PM.
     1>Project "C:\Users\Sidarth Giddu\Documents\Visual Studio 2013\Projects\iRobot_art\iRobot_art\iRobot_art.vcxproj" on node 2 (Build target(s)).
     1>ClCompile:
         C:\Program Files (x86)\Microsoft Visual Studio 12.0\VC\bin\x86_amd64\CL.exe /c /IC:\opencv\build\x64\vc12\..\..\include /Zi /nologo /W3 /WX- /sdl /O2 /Oi /GL /D _MBCS /Gm- /EHsc /MD /GS /Gy /fp:precise /Zc:wchar_t /Zc:forScope /Fo"x64\Release\\" /Fd"x64\Release\vc120.pdb" /Gd /TP /errorReport:prompt main.cpp
         main.cpp
     1>c:\users\sidarth giddu\documents\visual studio 2013\projects\irobot_art\irobot_art\ClientNetwork.h(13): warning C4005: 'DEFAULT_PORT' : macro redefinition
                 c:\users\sidarth giddu\documents\visual studio 2013\projects\irobot_art\irobot_art\ServerNetwork.h(12) : see previous definition of 'DEFAULT_PORT'
     1>main.cpp(174): warning C4244: '=' : conversion from 'double' to 'int', possible loss of data
     1>main.cpp(184): warning C4244: 'argument' : conversion from 'double' to 'float', possible loss of data
     1>main.cpp(237): warning C4244: 'argument' : conversion from 'double' to 'float', possible loss of data
     1>main.cpp(240): warning C4244: 'argument' : conversion from 'double' to 'float', possible loss of data
     1>main.cpp(338): warning C4244: 'argument' : conversion from 'int' to 'float', possible loss of data
     1>main.cpp(362): warning C4244: '=' : conversion from 'double' to 'float', possible loss of data
     1>main.cpp(363): warning C4244: '=' : conversion from 'double' to 'float', possible loss of data
       Link:
         C:\Program Files (x86)\Microsoft Visual Studio 12.0\VC\bin\x86_amd64\link.exe /ERRORREPORT:PROMPT /OUT:"C:\Users\Sidarth Giddu\Documents\Visual Studio 2013\Projects\iRobot_art\x64\Release\iRobot_art.exe" /NOLOGO /LIBPATH:C:\opencv\build\x64\vc12\lib opencv_calib3d249.lib opencv_contrib249.lib opencv_core249.lib opencv_features2d249.lib opencv_flann249.lib opencv_gpu249.lib opencv_highgui249.lib opencv_imgproc249.lib opencv_legacy249.lib opencv_ml249.lib opencv_nonfree249.lib opencv_objdetect249.lib opencv_ocl249.lib opencv_photo249.lib opencv_stitching249.lib opencv_superres249.lib opencv_ts249.lib opencv_video249.lib opencv_videostab249.lib kernel32.lib user32.lib gdi32.lib winspool.lib comdlg32.lib advapi32.lib shell32.lib ole32.lib oleaut32.lib uuid.lib odbc32.lib odbccp32.lib /MANIFEST /MANIFESTUAC:"level='asInvoker' uiAccess='false'" /manifest:embed /DEBUG /PDB:"C:\Users\Sidarth Giddu\Documents\Visual Studio 2013\Projects\iRobot_art\x64\Release\iRobot_art.pdb" /OPT:REF /OPT:ICF /LTCG /TLBID:1 /DYNAMICBASE /NXCOMPAT /IMPLIB:"C:\Users\Sidarth Giddu\Documents\Visual Studio 2013\Projects\iRobot_art\x64\Release\iRobot_art.lib" /MACHINE:X64 x64\Release\ClientGame.obj
         x64\Release\ClientNetwork.obj
         x64\Release\main.obj
         x64\Release\NetworkServices.obj
         x64\Release\ServerGame.obj
         x64\Release\ServerNetwork.obj
         x64\Release\stdafx.obj
         Generating code
         Finished generating code
         iRobot_art.vcxproj -> C:\Users\Sidarth Giddu\Documents\Visual Studio 2013\Projects\iRobot_art\x64\Release\iRobot_art.exe
     1>Done Building Project "C:\Users\Sidarth Giddu\Documents\Visual Studio 2013\Projects\iRobot_art\iRobot_art\iRobot_art.vcxproj" (Build target(s)).

Build succeeded.

Time Elapsed 00:00:02.52
