@I [HLS-0] Workspace /home/student/sbm99/hldda_project/code/gatesrec_hw3/_sds/vhls/cnn/solution opened at Sat Nov 28 21:08:16 EST 2015
@I [HLS-100] Command 'open_solution' returned 0; elapsed 0Total elapsed time: 0.391 sec.
@I [HLS-100] Command "set_part  xc7z020clg484-1  "
@I [HLS-100] Command "add_library xilinx/zynq/zynq:xc7z020:clg484:-1 "
@I [HLS-100] Command "get_default_platform "
@I [HLS-100] Command 'get_default_platform' returned 0; elapsed 0Total elapsed time: 0.397 sec.
@I [HLS-100] Command "license_exists VIVADO_HLS "
@I [HLS-100] Command 'license_exists' returned 1; elapsed 0.03Total elapsed time: 0.435 sec.
@I [HLS-100] Command "license_exists ap_opencl "
@I [HLS-100] Command 'license_exists' returned 1; elapsed 0.03Total elapsed time: 0.471 sec.
@I [HLS-100] Command "license_exists ap_sdsoc "
@I [HLS-100] Command 'license_exists' returned 1; elapsed 0.02Total elapsed time: 0.497 sec.
@I [HLS-100] Command "license_exists AUTOESL_NI "
@I [HLS-100] Command 'license_exists' returned 1; elapsed 0.01Total elapsed time: 0.536 sec.
@I [HLS-100] Command "license_exists HLS "
@I [HLS-100] Command 'license_exists' returned 0; elapsed 0Total elapsed time: 0.536 sec.
@I [HLS-100] Command "open_platform DefaultPlatform "
@I [HLS-100] Command 'open_platform' returned 0; elapsed 0Total elapsed time: 0.537 sec.
@I [HLS-100] Command "import_lib /work/zhang/common/tools/xilinx/SDSoC/2015.2.1/Vivado_HLS/2015.2/common/technology/xilinx/zynq/zynq "
@I [HLS-100] Command "source /work/zhang/common/tools/xilinx/SDSoC/2015.2.1/Vivado_HLS/2015.2/common/technology/xilinx/common/xilinx.lib "
@I [HLS-100] Command "source /work/zhang/common/tools/xilinx/SDSoC/2015.2.1/Vivado_HLS/2015.2/common/technology/xilinx/interface/xilinx_interface.lib "
@I [HLS-100] Command "source /work/zhang/common/tools/xilinx/SDSoC/2015.2.1/Vivado_HLS/2015.2/common/technology/xilinx/interface/plb46.lib "
@I [HLS-100] Command 'ap_source' returned 0; elapsed 0.01Total elapsed time: 0.538 sec.
@I [HLS-100] Command "source /work/zhang/common/tools/xilinx/SDSoC/2015.2.1/Vivado_HLS/2015.2/common/technology/xilinx/interface/fsl.lib "
@I [HLS-100] Command 'ap_source' returned 0; elapsed 0Total elapsed time: 0.538 sec.
@I [HLS-100] Command "source /work/zhang/common/tools/xilinx/SDSoC/2015.2.1/Vivado_HLS/2015.2/common/technology/xilinx/interface/axi4.lib "
@I [HLS-100] Command 'ap_source' returned 0; elapsed 0Total elapsed time: 0.539 sec.
@I [HLS-100] Command "source /work/zhang/common/tools/xilinx/SDSoC/2015.2.1/Vivado_HLS/2015.2/common/technology/xilinx/interface/maxi.lib "
@I [HLS-100] Command 'ap_source' returned 0; elapsed 0Total elapsed time: 0.539 sec.
@I [HLS-100] Command "source /work/zhang/common/tools/xilinx/SDSoC/2015.2.1/Vivado_HLS/2015.2/common/technology/xilinx/interface/saxilite.lib "
@I [HLS-100] Command 'ap_source' returned 0; elapsed 0Total elapsed time: 0.540 sec.
@I [HLS-100] Command 'ap_source' returned 0; elapsed 0.01Total elapsed time: 0.540 sec.
@I [HLS-100] Command "source /work/zhang/common/tools/xilinx/SDSoC/2015.2.1/Vivado_HLS/2015.2/common/technology/xilinx/common/dsp48.lib "
@I [HLS-100] Command 'ap_source' returned 0; elapsed 0Total elapsed time: 0.540 sec.
@I [HLS-100] Command "source /work/zhang/common/tools/xilinx/SDSoC/2015.2.1/Vivado_HLS/2015.2/common/technology/xilinx/ip/xfft.lib "
@I [HLS-100] Command 'ap_source' returned 0; elapsed 0Total elapsed time: 0.540 sec.
@I [HLS-100] Command "source /work/zhang/common/tools/xilinx/SDSoC/2015.2.1/Vivado_HLS/2015.2/common/technology/xilinx/ip/dds_compiler.lib "
@I [HLS-100] Command 'ap_source' returned 0; elapsed 0Total elapsed time: 0.540 sec.
@I [HLS-100] Command "source /work/zhang/common/tools/xilinx/SDSoC/2015.2.1/Vivado_HLS/2015.2/common/technology/xilinx/ip/xfir.lib "
@I [HLS-100] Command 'ap_source' returned 0; elapsed 0Total elapsed time: 0.541 sec.
@I [HLS-100] Command 'ap_source' returned 0; elapsed 0.01Total elapsed time: 0.544 sec.
@I [HLS-100] Command "source /work/zhang/common/tools/xilinx/SDSoC/2015.2.1/Vivado_HLS/2015.2/common/technology/xilinx/common/xilinx_old.lib "
@I [HLS-100] Command 'ap_source' returned 0; elapsed 0Total elapsed time: 0.547 sec.
@I [HLS-100] Command "source /work/zhang/common/tools/xilinx/SDSoC/2015.2.1/Vivado_HLS/2015.2/common/technology/xilinx/common/xilinx_vivado.lib "
@I [HLS-100] Command 'ap_source' returned 0; elapsed 0Total elapsed time: 0.548 sec.
@I [HLS-100] Command "source /work/zhang/common/tools/xilinx/SDSoC/2015.2.1/Vivado_HLS/2015.2/common/technology/xilinx/common/xilinx.hlp "
@I [HLS-100] Command "source /work/zhang/common/tools/xilinx/SDSoC/2015.2.1/Vivado_HLS/2015.2/common/technology/xilinx/common/target_info.tcl "
@I [HLS-100] Command 'ap_source' returned 0; elapsed 0Total elapsed time: 0.551 sec.
@I [HLS-100] Command "source /work/zhang/common/tools/xilinx/SDSoC/2015.2.1/Vivado_HLS/2015.2/common/technology/xilinx/interface/xilinx_interface.hlp "
@I [HLS-100] Command "source /work/zhang/common/tools/xilinx/SDSoC/2015.2.1/Vivado_HLS/2015.2/common/technology/xilinx/interface/maxi.hlp "
@I [HLS-100] Command 'ap_source' returned 0; elapsed 0Total elapsed time: 0.552 sec.
@I [HLS-100] Command "source /work/zhang/common/tools/xilinx/SDSoC/2015.2.1/Vivado_HLS/2015.2/common/technology/xilinx/interface/saxilite.hlp "
@I [HLS-100] Command 'ap_source' returned 0; elapsed 0Total elapsed time: 0.552 sec.
@I [HLS-100] Command 'ap_source' returned 0; elapsed 0Total elapsed time: 0.552 sec.
@I [HLS-100] Command "source /work/zhang/common/tools/xilinx/SDSoC/2015.2.1/Vivado_HLS/2015.2/common/technology/xilinx/common/dsp48.hlp "
@I [HLS-100] Command 'ap_source' returned 0; elapsed 0Total elapsed time: 0.553 sec.
@I [HLS-100] Command 'ap_source' returned 0; elapsed 0Total elapsed time: 0.554 sec.
@I [HLS-100] Command "source /work/zhang/common/tools/xilinx/SDSoC/2015.2.1/Vivado_HLS/2015.2/common/technology/xilinx/zynq/dsp48e1.hlp "
@I [HLS-100] Command 'ap_source' returned 0; elapsed 0Total elapsed time: 0.554 sec.
@I [HLS-100] Command "get_default_platform "
@I [HLS-100] Command 'get_default_platform' returned 0; elapsed 0Total elapsed time: 0.554 sec.
@I [HLS-100] Command "config_chip_info -quiet -resource  {SLICE 13300}  {LUT 53200}     {FF 106400} {DSP48E 220}   {BRAM 280}  "
@I [HLS-100] Command 'config_chip_info' returned 0; elapsed 0Total elapsed time: 0.554 sec.
@I [HLS-100] Command "config_chip_info -quiet -speed medium "
@I [HLS-100] Command 'config_chip_info' returned 0; elapsed 0Total elapsed time: 0.554 sec.
@I [HLS-100] Command 'import_lib' returned 0; elapsed 0.03Total elapsed time: 0.556 sec.
@I [HLS-100] Command "source /work/zhang/common/tools/xilinx/SDSoC/2015.2.1/Vivado_HLS/2015.2/common/technology/xilinx/zynq/zynq.gen "
@I [HLS-100] Command "source /work/zhang/common/tools/xilinx/SDSoC/2015.2.1/Vivado_HLS/2015.2/common/technology/xilinx/common/virtex.gen "
@I [HLS-100] Command "source /work/zhang/common/tools/xilinx/SDSoC/2015.2.1/Vivado_HLS/2015.2/common/technology/xilinx/common/xilinx.gen "
@I [HLS-100] Command "source /work/zhang/common/tools/xilinx/SDSoC/2015.2.1/Vivado_HLS/2015.2/common/technology/xilinx/interface/plb46.gen "
@I [HLS-100] Command 'ap_source' returned 0; elapsed 0Total elapsed time: 0.559 sec.
@I [HLS-100] Command "source /work/zhang/common/tools/xilinx/SDSoC/2015.2.1/Vivado_HLS/2015.2/common/technology/xilinx/interface/fsl.gen "
@I [HLS-100] Command 'ap_source' returned 0; elapsed 0Total elapsed time: 0.560 sec.
@I [HLS-100] Command "source /work/zhang/common/tools/xilinx/SDSoC/2015.2.1/Vivado_HLS/2015.2/common/technology/xilinx/interface/axi4.gen "
@I [HLS-100] Command 'ap_source' returned 0; elapsed 0.01Total elapsed time: 0.563 sec.
@I [HLS-100] Command "source /work/zhang/common/tools/xilinx/SDSoC/2015.2.1/Vivado_HLS/2015.2/common/technology/xilinx/interface/nativeAXI4.gen "
@I [HLS-100] Command "source /work/zhang/common/tools/xilinx/SDSoC/2015.2.1/Vivado_HLS/2015.2/common/technology/xilinx/interface/saxilite.gen "
@I [HLS-100] Command 'ap_source' returned 0; elapsed 0Total elapsed time: 0.567 sec.
@I [HLS-100] Command "source /work/zhang/common/tools/xilinx/SDSoC/2015.2.1/Vivado_HLS/2015.2/common/technology/xilinx/interface/maxi.gen "
@I [HLS-100] Command 'ap_source' returned 0; elapsed 0.01Total elapsed time: 0.576 sec.
@I [HLS-100] Command 'ap_source' returned 0; elapsed 0.01Total elapsed time: 0.576 sec.
@I [HLS-100] Command "source /work/zhang/common/tools/xilinx/SDSoC/2015.2.1/Vivado_HLS/2015.2/common/technology/xilinx/scripts/xilinxcoregen.gen "
@I [HLS-100] Command 'ap_source' returned 0; elapsed 0.01Total elapsed time: 0.588 sec.
@I [HLS-100] Command "source /work/zhang/common/tools/xilinx/SDSoC/2015.2.1/Vivado_HLS/2015.2/common/technology/xilinx/interface/XilEDKCoreGen.gen "
@I [HLS-100] Command 'ap_source' returned 0; elapsed 0.01Total elapsed time: 0.599 sec.
@I [HLS-100] Command "source /work/zhang/common/tools/xilinx/SDSoC/2015.2.1/Vivado_HLS/2015.2/common/technology/xilinx/ip/xfft.gen "
@I [HLS-100] Command 'ap_source' returned 0; elapsed 0.13Total elapsed time: 0.730 sec.
@I [HLS-100] Command "source /work/zhang/common/tools/xilinx/SDSoC/2015.2.1/Vivado_HLS/2015.2/common/technology/xilinx/ip/xfir.gen "
@I [HLS-100] Command "source /work/zhang/common/tools/xilinx/SDSoC/2015.2.1/Vivado_HLS/2015.2/tps/tcl/tcllib1.11.1/struct/list.tcl "
@I [HLS-100] Command "source /work/zhang/common/tools/xilinx/SDSoC/2015.2.1/Vivado_HLS/2015.2/tps/tcl/tcllib1.11.1/cmdline/cmdline.tcl "
@I [HLS-100] Command 'ap_source' returned 0; elapsed 0Total elapsed time: 0.750 sec.
@I [HLS-100] Command 'ap_source' returned 0; elapsed 0Total elapsed time: 0.751 sec.
@I [HLS-100] Command "source /work/zhang/common/tools/xilinx/SDSoC/2015.2.1/Vivado_HLS/2015.2/tps/tcl/tcllib1.11.1/math/bignum.tcl "
@I [HLS-100] Command 'ap_source' returned 0; elapsed 0Total elapsed time: 0.766 sec.
@I [HLS-100] Command 'ap_source' returned 0; elapsed 0.04Total elapsed time: 0.776 sec.
@I [HLS-100] Command "source /work/zhang/common/tools/xilinx/SDSoC/2015.2.1/Vivado_HLS/2015.2/common/technology/xilinx/ip/util.gen "
@I [HLS-100] Command 'ap_source' returned 0; elapsed 0Total elapsed time: 0.776 sec.
@I [HLS-100] Command "source /work/zhang/common/tools/xilinx/SDSoC/2015.2.1/Vivado_HLS/2015.2/common/technology/xilinx/ip/dds_compiler.gen "
@I [HLS-100] Command 'ap_source' returned 0; elapsed 0.01Total elapsed time: 0.781 sec.
@I [HLS-100] Command 'ap_source' returned 0; elapsed 0.22Total elapsed time: 0.781 sec.
@I [HLS-100] Command "source /work/zhang/common/tools/xilinx/SDSoC/2015.2.1/Vivado_HLS/2015.2/common/technology/xilinx/common/dsp48.gen "
@I [HLS-100] Command 'ap_source' returned 0; elapsed 0Total elapsed time: 0.783 sec.
@I [HLS-100] Command 'ap_source' returned 0; elapsed 0.22Total elapsed time: 0.783 sec.
@I [HLS-100] Command 'ap_source' returned 0; elapsed 0.22Total elapsed time: 0.784 sec.
@I [HLS-100] Command "get_default_platform "
@I [HLS-100] Command 'get_default_platform' returned 0; elapsed 0Total elapsed time: 0.788 sec.
@I [HLS-100] Command "config_chip_info -quiet -resource  {SLICE 13300}  {LUT 53200}     {FF 106400} {DSP48E 220}   {BRAM 280}  "
@I [HLS-100] Command 'config_chip_info' returned 0; elapsed 0Total elapsed time: 0.789 sec.
@I [HLS-100] Command "config_chip_info -quiet -speed slow "
@I [HLS-100] Command 'config_chip_info' returned 0; elapsed 0Total elapsed time: 0.789 sec.
@I [HLS-100] Command 'add_library' returned 0; elapsed 0.35Total elapsed time: 0.790 sec.
@I [HLS-100] Command "add_library xilinx/zynq/zynq_fpv6 "
@I [HLS-100] Command "get_default_platform "
@I [HLS-100] Command 'get_default_platform' returned 0; elapsed 0Total elapsed time: 0.791 sec.
@I [HLS-100] Command "license_exists VIVADO_HLS "
@I [HLS-100] Command 'license_exists' returned 1; elapsed 0.01Total elapsed time: 0.819 sec.
@I [HLS-100] Command "license_exists ap_opencl "
@I [HLS-100] Command 'license_exists' returned 1; elapsed 0.02Total elapsed time: 0.839 sec.
@I [HLS-100] Command "license_exists ap_sdsoc "
@I [HLS-100] Command 'license_exists' returned 1; elapsed 0.01Total elapsed time: 0.858 sec.
@I [HLS-100] Command "license_exists AUTOESL_NI "
@I [HLS-100] Command 'license_exists' returned 1; elapsed 0.01Total elapsed time: 0.875 sec.
@I [HLS-100] Command "license_exists HLS "
@I [HLS-100] Command 'license_exists' returned 0; elapsed 0Total elapsed time: 0.875 sec.
@I [HLS-100] Command "open_platform DefaultPlatform "
@I [HLS-100] Command 'open_platform' returned 0; elapsed 0Total elapsed time: 0.876 sec.
@I [HLS-100] Command "import_lib /work/zhang/common/tools/xilinx/SDSoC/2015.2.1/Vivado_HLS/2015.2/common/technology/xilinx/zynq/zynq_fpv6 "
@I [HLS-100] Command "source /work/zhang/common/tools/xilinx/SDSoC/2015.2.1/Vivado_HLS/2015.2/common/technology/xilinx/common/xilinx_fpv7.lib "
@I [HLS-100] Command 'ap_source' returned 0; elapsed 0Total elapsed time: 0.880 sec.
@I [HLS-100] Command "source /work/zhang/common/tools/xilinx/SDSoC/2015.2.1/Vivado_HLS/2015.2/common/technology/xilinx/common/xilinx_fpv.hlp "
@I [HLS-100] Command "source /work/zhang/common/tools/xilinx/SDSoC/2015.2.1/Vivado_HLS/2015.2/common/technology/xilinx/common/xilinx.hlp "
@I [HLS-100] Command "source /work/zhang/common/tools/xilinx/SDSoC/2015.2.1/Vivado_HLS/2015.2/common/technology/xilinx/common/target_info.tcl "
@I [HLS-100] Command 'ap_source' returned 0; elapsed 0Total elapsed time: 0.888 sec.
@I [HLS-100] Command "source /work/zhang/common/tools/xilinx/SDSoC/2015.2.1/Vivado_HLS/2015.2/common/technology/xilinx/interface/xilinx_interface.hlp "
@I [HLS-100] Command "source /work/zhang/common/tools/xilinx/SDSoC/2015.2.1/Vivado_HLS/2015.2/common/technology/xilinx/interface/maxi.hlp "
@I [HLS-100] Command 'ap_source' returned 0; elapsed 0Total elapsed time: 0.889 sec.
@I [HLS-100] Command "source /work/zhang/common/tools/xilinx/SDSoC/2015.2.1/Vivado_HLS/2015.2/common/technology/xilinx/interface/saxilite.hlp "
@I [HLS-100] Command 'ap_source' returned 0; elapsed 0Total elapsed time: 0.889 sec.
@I [HLS-100] Command 'ap_source' returned 0; elapsed 0Total elapsed time: 0.889 sec.
@I [HLS-100] Command "source /work/zhang/common/tools/xilinx/SDSoC/2015.2.1/Vivado_HLS/2015.2/common/technology/xilinx/common/dsp48.hlp "
@I [HLS-100] Command 'ap_source' returned 0; elapsed 0Total elapsed time: 0.890 sec.
@I [HLS-100] Command 'ap_source' returned 0; elapsed 0Total elapsed time: 0.891 sec.
@I [HLS-100] Command 'ap_source' returned 0; elapsed 0Total elapsed time: 0.891 sec.
@I [HLS-100] Command 'import_lib' returned 0; elapsed 0.02Total elapsed time: 0.896 sec.
@I [HLS-100] Command "source /work/zhang/common/tools/xilinx/SDSoC/2015.2.1/Vivado_HLS/2015.2/common/technology/xilinx/zynq/zynq_fpv6.gen "
@I [HLS-100] Command "source /work/zhang/common/tools/xilinx/SDSoC/2015.2.1/Vivado_HLS/2015.2/common/technology/xilinx/common/xilinx_fpv6.gen "
@I [HLS-100] Command 'ap_source' returned 0; elapsed 0Total elapsed time: 0.898 sec.
@I [HLS-100] Command 'ap_source' returned 0; elapsed 0Total elapsed time: 0.899 sec.
@I [HLS-100] Command 'add_library' returned 0; elapsed 0.07Total elapsed time: 0.902 sec.
@I [HLS-10] Setting target device to ' xc7z020clg484-1 '
@I [HLS-100] Command 'set_part' returned 0; elapsed 0.42Total elapsed time: 0.902 sec.
@I [HLS-100] Command "create_clock -period 8.5 "
@I [HLS-100] Command "config_clock -quiet -name default -period 8.5 -default=false "
@I [SYN-201] Setting up clock 'default' with a period of 8.5ns.
@I [HLS-100] Command 'config_clock' returned 0; elapsed 0Total elapsed time: 0.905 sec.
@I [HLS-100] Command 'create_clock' returned 0; elapsed 0Total elapsed time: 0.905 sec.
@I [HLS-100] Command "config_rtl -reset_level low "
@I [HLS-100] Command 'config_rtl' returned 0; elapsed 0Total elapsed time: 0.907 sec.
@I [HLS-100] Command "source /home/student/sbm99/hldda_project/code/gatesrec_hw3/_sds/vhls/cnn.tcl "
@I [HLS-100] Command "set_directive_latency -min 1 cnn "
@I [HLS-100] Command 'set_directive_latency' returned 0; elapsed 0Total elapsed time: 0.907 sec.
@I [HLS-100] Command 'ap_source' returned 0; elapsed 0Total elapsed time: 0.907 sec.
@I [HLS-100] Command "csynth_design "
@I [HLS-100] Command "elaborate -effort=medium -skip_syncheck=0 -lm=0 -skip_cdt=0 -skip_transform=0 -ng=0 -g=0 -opt_fp=0 "
@I [HLS-10] Analyzing design file '/home/student/sbm99/hldda_project/code/gatesrec_hw3/cnn.cpp' ... 
@0 [HLS-0] Analyzing design file '/home/student/sbm99/hldda_project/code/gatesrec_hw3/cnn.cpp' ... 
@I [HLS-0] Compiling one TU...
@I [HLS-0] 
Checking before pre-process: exec clang -fno-limit-debug-info -gcc-toolchain "/work/zhang/common/tools/xilinx/SDSoC/2015.2.1/Vivado_HLS/2015.2/lnx64/tools/gcc" -hls  -Wall -O3 -MMD -MP -D__SDSCC__ -I/work/zhang/common/tools/xilinx/SDSoC/2015.2.1/arm-xilinx-linux-gnueabi/include -I/home/student/sbm99/hldda_project/code/gatesrec_hw3 -D__SDSVHLS__ -I/home/student/sbm99/hldda_project/code/gatesrec_hw3 -w  -fno-math-errno -c -emit-llvm -O0  -mllvm -disable-llvm-optzns -fno-threadsafe-statics  -fno-use-cxa-atexit  -fno-threadsafe-statics -fno-use-cxa-atexit   -I "/work/zhang/common/tools/xilinx/SDSoC/2015.2.1/Vivado_HLS/2015.2/lnx64/tools/systemc/include" -I "/work/zhang/common/tools/xilinx/SDSoC/2015.2.1/Vivado_HLS/2015.2/include" -I "/work/zhang/common/tools/xilinx/SDSoC/2015.2.1/Vivado_HLS/2015.2/include/ap_sysc" -fexceptions -I "/work/zhang/common/tools/xilinx/SDSoC/2015.2.1/Vivado_HLS/2015.2/common/technology/autopilot" -include etc/autopilot_ssdm_op.h "/home/student/sbm99/hldda_project/code/gatesrec_hw3/cnn.cpp"  -o "/home/student/sbm99/hldda_project/code/gatesrec_hw3/_sds/vhls/cnn/solution/.autopilot/db/cnn.pp.00.o"

@I [HLS-100] Command "is_encrypted /home/student/sbm99/hldda_project/code/gatesrec_hw3/_sds/vhls/cnn/solution/.autopilot/db/cnn.pp.00.o "
@I [HLS-100] Command 'is_encrypted' returned 0; elapsed 0Total elapsed time: 1.236 sec.
@I [HLS-0] Syntax Checker time: 0 seconds per iteration
@I [HLS-0] 
Source preprocessing: exec clang -fno-limit-debug-info -gcc-toolchain "/work/zhang/common/tools/xilinx/SDSoC/2015.2.1/Vivado_HLS/2015.2/lnx64/tools/gcc" -hls -fno-exceptions  -D__llvm__  -CC -E "/home/student/sbm99/hldda_project/code/gatesrec_hw3/cnn.cpp"   -Wall -O3 -MMD -MP -D__SDSCC__ -I/work/zhang/common/tools/xilinx/SDSoC/2015.2.1/arm-xilinx-linux-gnueabi/include -I/home/student/sbm99/hldda_project/code/gatesrec_hw3 -D__SDSVHLS__ -I/home/student/sbm99/hldda_project/code/gatesrec_hw3 -w  -fno-math-errno -c -emit-llvm -O0  -mllvm -disable-llvm-optzns -fno-threadsafe-statics  -fno-use-cxa-atexit  -fno-threadsafe-statics -fno-use-cxa-atexit -DAESL_SYN -D__SYNTHESIS__ -D__HLS_SYN__ -I "/work/zhang/common/tools/xilinx/SDSoC/2015.2.1/Vivado_HLS/2015.2/common/technology/autopilot" -I "/work/zhang/common/tools/xilinx/SDSoC/2015.2.1/Vivado_HLS/2015.2/common/technology/autopilot/ap_sysc" -include etc/autopilot_ssdm_op.h  -o "/home/student/sbm99/hldda_project/code/gatesrec_hw3/_sds/vhls/cnn/solution/.autopilot/db/cnn.pp.0.cpp"

@I [HLS-0] GCC PP time: 0 seconds per iteration
@I [HLS-0] Setting directive 'LATENCY' min=1 
@I [HLS-100] Command "list_core -type functional_unit "
@I [HLS-100] Command 'list_core' returned 0; elapsed 0Total elapsed time: 1.355 sec.
@I [HLS-0] Marker-Pragma convertor: /home/student/sbm99/hldda_project/code/gatesrec_hw3/_sds/vhls/cnn/solution/.autopilot/db/cnn.pp.0.cpp /home/student/sbm99/hldda_project/code/gatesrec_hw3/_sds/vhls/cnn/solution/.autopilot/db/cnn.pp.0.cpp.ap-line.cpp /home/student/sbm99/hldda_project/code/gatesrec_hw3/_sds/vhls/cnn/solution/.autopilot/db/cnn.pp.0.cpp.ap-line.cpp.CXX 1
@I [HLS-0] 
Source processor: exec /work/zhang/common/tools/xilinx/SDSoC/2015.2.1/Vivado_HLS/2015.2/tps/lnx64/jre/bin/java -Xmx512m -classpath   "/work/zhang/common/tools/xilinx/SDSoC/2015.2.1/Vivado_HLS/2015.2/lib/classes/autopilot.sourceprocessor.jar:/work/zhang/common/tools/xilinx/SDSoC/2015.2.1/Vivado_HLS/2015.2/lib/classes/org.eclipse.cdt.core_5.3.0.xilinx_patch.jar:/work/zhang/common/tools/xilinx/SDSoC/2015.2.1/Vivado_HLS/2015.2/lib/classes/org.eclipse.core.runtime_3.7.0.v20110110.jar:/work/zhang/common/tools/xilinx/SDSoC/2015.2.1/Vivado_HLS/2015.2/lib/classes/org.eclipse.equinox.common_3.6.0.v20110523.jar:/work/zhang/common/tools/xilinx/SDSoC/2015.2.1/Vivado_HLS/2015.2/lib/classes/com.ibm.icu_4.4.2.v20110208.jar:/work/zhang/common/tools/xilinx/SDSoC/2015.2.1/Vivado_HLS/2015.2/lib/classes/jargs.jar:/work/zhang/common/tools/xilinx/SDSoC/2015.2.1/Vivado_HLS/2015.2/lnx64/tools/eclipse/plugins/org.eclipse.emf.common_2.10.0.v20140514-1158.jar:/work/zhang/common/tools/xilinx/SDSoC/2015.2.1/Vivado_HLS/2015.2/lnx64/tools/eclipse/plugins/org.eclipse.emf.ecore_2.10.0.v20140514-1158.jar:/work/zhang/common/tools/xilinx/SDSoC/2015.2.1/Vivado_HLS/2015.2/lnx64/tools/eclipse/plugins/org.eclipse.emf.ecore.xmi_2.10.0.v20140514-1158.jar:/work/zhang/common/tools/xilinx/SDSoC/2015.2.1/Vivado_HLS/2015.2/lnx64/tools/eclipse/plugins/com.autoesl.autopilot.ui.directiveFileModel_1.0.0.jar:/work/zhang/common/tools/xilinx/SDSoC/2015.2.1/Vivado_HLS/2015.2/lnx64/tools/eclipse/plugins/com.autoesl.autopilot.ui.common_1.0.0.jar"  autopilot.sourceprocessor.CParser  "/home/student/sbm99/hldda_project/code/gatesrec_hw3/_sds/vhls/cnn/solution/.autopilot/db/cnn.pp.0.cpp.ap-line.cpp"  -m "cnn" -o "/home/student/sbm99/hldda_project/code/gatesrec_hw3/_sds/vhls/cnn/solution/.autopilot/db/cnn.pp.0.cpp.ap-cdt.cpp" --pp --directive /home/student/sbm99/hldda_project/code/gatesrec_hw3/_sds/vhls/cnn/solution/solution.directive --source /home/student/sbm99/hldda_project/code/gatesrec_hw3/cnn.cpp --error /home/student/sbm99/hldda_project/code/gatesrec_hw3/_sds/vhls/cnn/solution/.autopilot/db --funcunit "AddSub AddSub_DSP AddSubnS DAddSub_fulldsp DAddSub_nodsp DDiv DExp_fulldsp DExp_meddsp DExp_nodsp DLog_fulldsp DLog_meddsp DLog_nodsp DMul_fulldsp DMul_maxdsp DMul_meddsp DMul_nodsp DRSqrt DRecip DSqrt DivnS FAddSub_fulldsp FAddSub_nodsp FDiv FExp_fulldsp FExp_meddsp FExp_nodsp FLog_fulldsp FLog_meddsp FLog_nodsp FMul_fulldsp FMul_maxdsp FMul_meddsp FMul_nodsp FRSqrt_fulldsp FRSqrt_nodsp FRecip_fulldsp FRecip_nodsp FSqrt Mul Mul2S Mul3S Mul4S Mul5S Mul6S MulnS MuxnS" --ve --vetcl /home/student/sbm99/hldda_project/code/gatesrec_hw3/_sds/vhls/cnn/solution/.autopilot/db --ca --es --gf --df --pd --p2d /home/student/sbm99/hldda_project/code/gatesrec_hw3/_sds/vhls/cnn/solution/.autopilot/db --sd --scff /home/student/sbm99/hldda_project/code/gatesrec_hw3/_sds/vhls/cnn/solution/.autopilot/db/.systemc_flag --ad

@I [HLS-100] Command 'elaborate' returned 1; elapsed 0.69Total elapsed time: 2.856 sec.
@I [HLS-100] Command 'csynth_design' returned 1; elapsed 0.69Total elapsed time: 2.856 sec.
@I [HLS-100] Command 'ap_source' returned 1; elapsed 1.13Total elapsed time: 2.856 sec.
@I [HLS-100] Command "cleanup_all "
@I [HLS-100] Command 'cleanup_all' returned 0; elapsed 0Total elapsed time: 2.857 sec.
