(c) Copyright 2012-2015 Xilinx, Inc. All Rights Reserved.
#-----------------------------------------------------------
# Tool version  : sds++ 2015.2.1 20150925
# Start time    : Sat Nov 28 21:08:14 EST 2015
# Command line  : sds++ -sds-pf zc702 -sds-hw cnn cnn.cpp -sds-end -poll-mode 1 -Wall -O3 -c -MMD -MP -MFcnn.d cnn.cpp -o cnn.o
# Log file      : /home/student/sbm99/hldda_project/code/gatesrec_hw3/_sds/reports/sds_cnn.log
# Journal file  : /home/student/sbm99/hldda_project/code/gatesrec_hw3/_sds/reports/sds_cnn.jou
# Report file   : /home/student/sbm99/hldda_project/code/gatesrec_hw3/_sds/reports/sds_cnn.rpt
#-----------------------------------------------------------

INFO: [SDSoC 0-0] Create data motion intermediate representation
clang_wrapper -target arm-xilinx-linux-gnueabi -mcpu=cortex-a9 -mfpu=vfp -O0 -g     -I /work/zhang/common/tools/xilinx/SDSoC/2015.2.1/arm-xilinx-linux-gnueabi/include  -I /work/zhang/common/tools/xilinx/SDSoC/2015.2.1/Vivado_HLS/2015.2/include   -I/work/zhang/common/tools/xilinx/SDSoC/2015.2.1/SDK/2015.2/gnu/arm/lin/arm-xilinx-linux-gnueabi/include/c++/4.9.1  -I/work/zhang/common/tools/xilinx/SDSoC/2015.2.1/SDK/2015.2/gnu/arm/lin/arm-xilinx-linux-gnueabi/include/c++/4.9.1/arm-xilinx-linux-gnueabi  -I/work/zhang/common/tools/xilinx/SDSoC/2015.2.1/SDK/2015.2/gnu/arm/lin/arm-xilinx-linux-gnueabi/include/c++/4.9.1/backward   -I/work/zhang/common/tools/xilinx/SDSoC/2015.2.1/SDK/2015.2/gnu/arm/lin/lib/gcc/arm-xilinx-linux-gnueabi/4.9.1/include  -I/work/zhang/common/tools/xilinx/SDSoC/2015.2.1/SDK/2015.2/gnu/arm/lin/lib/gcc/arm-xilinx-linux-gnueabi/4.9.1/include-fixed  -I/work/zhang/common/tools/xilinx/SDSoC/2015.2.1/SDK/2015.2/gnu/arm/lin/arm-xilinx-linux-gnueabi/include  -I/work/zhang/common/tools/xilinx/SDSoC/2015.2.1/SDK/2015.2/gnu/arm/lin/arm-xilinx-linux-gnueabi/libc/usr/include  -Wall -MMD -MP -D __SDSCC__ -emit-llvm -S /home/student/sbm99/hldda_project/code/gatesrec_hw3/cnn.cpp -o /home/student/sbm99/hldda_project/code/gatesrec_hw3/_sds/.llvm/cnn.s
/home/student/sbm99/hldda_project/code/gatesrec_hw3/cnn.cpp:48:7: warning: unused variable 'L0_INPUT_ROWS' [-Wunused-variable]
  int L0_INPUT_ROWS   = img.get_rows();
      ^
/home/student/sbm99/hldda_project/code/gatesrec_hw3/cnn.cpp:116:7: warning: unused variable 'L1_OUTPUT_2_COLS' [-Wunused-variable]
  int L1_OUTPUT_2_COLS   = L1_OUTPUT_1_COLS%2==0 ? \
      ^
/home/student/sbm99/hldda_project/code/gatesrec_hw3/cnn.cpp:49:7: warning: unused variable 'L0_INPUT_COLS' [-Wunused-variable]
  int L0_INPUT_COLS   = img.get_cols();    
      ^
/home/student/sbm99/hldda_project/code/gatesrec_hw3/cnn.cpp:47:7: warning: unused variable 'L0_INPUT_FRAMES' [-Wunused-variable]
  int L0_INPUT_FRAMES = img.get_frames();
      ^
/home/student/sbm99/hldda_project/code/gatesrec_hw3/cnn.cpp:114:7: warning: unused variable 'L1_OUTPUT_2_ROWS' [-Wunused-variable]
  int L1_OUTPUT_2_ROWS   = L1_OUTPUT_1_ROWS%2==0 ? \
      ^
/home/student/sbm99/hldda_project/code/gatesrec_hw3/cnn.cpp:91:7: warning: unused variable 'L1_INPUT_FRAMES' [-Wunused-variable]
  int L1_INPUT_FRAMES = L0_OUTPUT.get_frames();
      ^
/home/student/sbm99/hldda_project/code/gatesrec_hw3/cnn.cpp:113:7: warning: unused variable 'L1_OUTPUT_2_FRAMES' [-Wunused-variable]
  int L1_OUTPUT_2_FRAMES = L1_OUTPUT_1_FRAMES;
      ^
INFO: [SDSoC 0-0] Performing accelerator source linting for cnn
sdslint -func cnn /home/student/sbm99/hldda_project/code/gatesrec_hw3/cnn.cpp -- -c -target arm-xilinx-linux-gnueabi -mcpu=cortex-a9 -mfpu=vfp -O0 -g -w    -I /work/zhang/common/tools/xilinx/SDSoC/2015.2.1/arm-xilinx-linux-gnueabi/include  -I /work/zhang/common/tools/xilinx/SDSoC/2015.2.1/Vivado_HLS/2015.2/include   -I/work/zhang/common/tools/xilinx/SDSoC/2015.2.1/SDK/2015.2/gnu/arm/lin/arm-xilinx-linux-gnueabi/include/c++/4.9.1  -I/work/zhang/common/tools/xilinx/SDSoC/2015.2.1/SDK/2015.2/gnu/arm/lin/arm-xilinx-linux-gnueabi/include/c++/4.9.1/arm-xilinx-linux-gnueabi  -I/work/zhang/common/tools/xilinx/SDSoC/2015.2.1/SDK/2015.2/gnu/arm/lin/arm-xilinx-linux-gnueabi/include/c++/4.9.1/backward   -I/work/zhang/common/tools/xilinx/SDSoC/2015.2.1/SDK/2015.2/gnu/arm/lin/lib/gcc/arm-xilinx-linux-gnueabi/4.9.1/include  -I/work/zhang/common/tools/xilinx/SDSoC/2015.2.1/SDK/2015.2/gnu/arm/lin/lib/gcc/arm-xilinx-linux-gnueabi/4.9.1/include-fixed  -I/work/zhang/common/tools/xilinx/SDSoC/2015.2.1/SDK/2015.2/gnu/arm/lin/arm-xilinx-linux-gnueabi/include  -I/work/zhang/common/tools/xilinx/SDSoC/2015.2.1/SDK/2015.2/gnu/arm/lin/arm-xilinx-linux-gnueabi/libc/usr/include  -Wall -MMD -MP -D __SDSCC__
arm-xilinx-linux-gnueabi-g++ -c /home/student/sbm99/hldda_project/code/gatesrec_hw3/_sds/swstubs/cnn.cpp -o /home/student/sbm99/hldda_project/code/gatesrec_hw3/_sds/swstubs/cnn.o
arm-xilinx-linux-gnueabi-objcopy --add-section .xdinfo=/home/student/sbm99/hldda_project/code/gatesrec_hw3/_sds/swstubs/cnn.o.xml /home/student/sbm99/hldda_project/code/gatesrec_hw3/_sds/swstubs/cnn.o
INFO: [SDSoC 0-0] Performing pragma generation
clang_wrapper -E -target arm-xilinx-linux-gnueabi -mcpu=cortex-a9 -mfpu=vfp -O0 -g -w    -I /work/zhang/common/tools/xilinx/SDSoC/2015.2.1/arm-xilinx-linux-gnueabi/include  -I /work/zhang/common/tools/xilinx/SDSoC/2015.2.1/Vivado_HLS/2015.2/include   -I/work/zhang/common/tools/xilinx/SDSoC/2015.2.1/SDK/2015.2/gnu/arm/lin/arm-xilinx-linux-gnueabi/include/c++/4.9.1  -I/work/zhang/common/tools/xilinx/SDSoC/2015.2.1/SDK/2015.2/gnu/arm/lin/arm-xilinx-linux-gnueabi/include/c++/4.9.1/arm-xilinx-linux-gnueabi  -I/work/zhang/common/tools/xilinx/SDSoC/2015.2.1/SDK/2015.2/gnu/arm/lin/arm-xilinx-linux-gnueabi/include/c++/4.9.1/backward   -I/work/zhang/common/tools/xilinx/SDSoC/2015.2.1/SDK/2015.2/gnu/arm/lin/lib/gcc/arm-xilinx-linux-gnueabi/4.9.1/include  -I/work/zhang/common/tools/xilinx/SDSoC/2015.2.1/SDK/2015.2/gnu/arm/lin/lib/gcc/arm-xilinx-linux-gnueabi/4.9.1/include-fixed  -I/work/zhang/common/tools/xilinx/SDSoC/2015.2.1/SDK/2015.2/gnu/arm/lin/arm-xilinx-linux-gnueabi/include  -I/work/zhang/common/tools/xilinx/SDSoC/2015.2.1/SDK/2015.2/gnu/arm/lin/arm-xilinx-linux-gnueabi/libc/usr/include -Wall -MMD -MP -D __SDSCC__ -I /work/zhang/common/tools/xilinx/SDSoC/2015.2.1/arm-xilinx-linux-gnueabi/include -I/home/student/sbm99/hldda_project/code/gatesrec_hw3 -D __SDSVHLS__ /home/student/sbm99/hldda_project/code/gatesrec_hw3/cnn.cpp -o /home/student/sbm99/hldda_project/code/gatesrec_hw3/_sds/vhls/cnn_pp.cpp
pragma_gen  -func cnn   -tcl /home/student/sbm99/hldda_project/code/gatesrec_hw3/_sds/vhls/cnn.tcl  /home/student/sbm99/hldda_project/code/gatesrec_hw3/_sds/vhls/cnn_pp.cpp  --  -c  -target arm-xilinx-linux-gnueabi -mcpu=cortex-a9 -mfpu=vfp -O0 -g -w    -I /work/zhang/common/tools/xilinx/SDSoC/2015.2.1/arm-xilinx-linux-gnueabi/include  -I /work/zhang/common/tools/xilinx/SDSoC/2015.2.1/Vivado_HLS/2015.2/include   -I/work/zhang/common/tools/xilinx/SDSoC/2015.2.1/SDK/2015.2/gnu/arm/lin/arm-xilinx-linux-gnueabi/include/c++/4.9.1  -I/work/zhang/common/tools/xilinx/SDSoC/2015.2.1/SDK/2015.2/gnu/arm/lin/arm-xilinx-linux-gnueabi/include/c++/4.9.1/arm-xilinx-linux-gnueabi  -I/work/zhang/common/tools/xilinx/SDSoC/2015.2.1/SDK/2015.2/gnu/arm/lin/arm-xilinx-linux-gnueabi/include/c++/4.9.1/backward   -I/work/zhang/common/tools/xilinx/SDSoC/2015.2.1/SDK/2015.2/gnu/arm/lin/lib/gcc/arm-xilinx-linux-gnueabi/4.9.1/include  -I/work/zhang/common/tools/xilinx/SDSoC/2015.2.1/SDK/2015.2/gnu/arm/lin/lib/gcc/arm-xilinx-linux-gnueabi/4.9.1/include-fixed  -I/work/zhang/common/tools/xilinx/SDSoC/2015.2.1/SDK/2015.2/gnu/arm/lin/arm-xilinx-linux-gnueabi/include  -I/work/zhang/common/tools/xilinx/SDSoC/2015.2.1/SDK/2015.2/gnu/arm/lin/arm-xilinx-linux-gnueabi/libc/usr/include  -D __SDSVHLS__  -Wall -O3 -MMD -MP -D __SDSCC__  -I /work/zhang/common/tools/xilinx/SDSoC/2015.2.1/arm-xilinx-linux-gnueabi/include -I/home/student/sbm99/hldda_project/code/gatesrec_hw3
INFO: [SDSoC 0-0] Successfully generated tcl script: /home/student/sbm99/hldda_project/code/gatesrec_hw3/_sds/vhls/cnn.tcl
INFO: [SDSoC 0-0] Moving function cnn to Programmable Logic
/work/zhang/common/tools/xilinx/SDSoC/2015.2.1/Vivado_HLS/2015.2/bin/vivado_hls /home/student/sbm99/hldda_project/code/gatesrec_hw3/_sds/vhls/cnn_