Build started 7/19/2017 1:02:54 PM.
     1>Project "C:\Users\Sidarth Giddu\Documents\Visual Studio 2013\Projects\iRobot_art\iRobot_art\iRobot_art.vcxproj" on node 2 (Build target(s)).
     1>ClCompile:
         C:\Program Files (x86)\Microsoft Visual Studio 12.0\VC\bin\x86_amd64\CL.exe /c /IC:\opencv\build\x64\vc12\..\..\include /Zi /nologo /W3 /WX- /sdl /Od /D _MBCS /Gm /EHsc /RTC1 /MDd /GS /fp:precise /Zc:wchar_t /Zc:forScope /Fo"x64\Debug\\" /Fd"x64\Debug\vc120.pdb" /Gd /TP /errorReport:prompt main.cpp ServerGame.cpp ServerNetwork.cpp stdafx.cpp
         stdafx.cpp
         ServerNetwork.cpp
         ServerGame.cpp
     1>ServerGame.cpp(51): warning C4018: '<' : signed/unsigned mismatch
         main.cpp
     1>c:\users\sidarth giddu\documents\visual studio 2013\projects\irobot_art\irobot_art\ClientNetwork.h(13): warning C4005: 'DEFAULT_PORT' : macro redefinition
                 c:\users\sidarth giddu\documents\visual studio 2013\projects\irobot_art\irobot_art\ServerNetwork.h(12) : see previous definition of 'DEFAULT_PORT'
     1>main.cpp(188): warning C4244: '=' : conversion from 'double' to 'int', possible loss of data
     1>main.cpp(198): warning C4244: 'argument' : conversion from 'double' to 'float', possible loss of data
     1>main.cpp(227): warning C4244: 'argument' : conversion from 'double' to 'float', possible loss of data
     1>main.cpp(315): warning C4244: '=' : conversion from 'double' to 'int', possible loss of data
     1>main.cpp(322): warning C4244: 'argument' : conversion from 'double' to 'float', possible loss of data
     1>main.cpp(339): warning C4244: '=' : conversion from 'double' to 'float', possible loss of data
     1>main.cpp(340): warning C4244: '=' : conversion from 'double' to 'float', possible loss of data
     1>C:\Program Files (x86)\Microsoft Visual Studio 12.0\VC\include\numeric(20): warning C4244: '=' : conversion from 'double' to 'int', possible loss of data
                 C:\Program Files (x86)\Microsoft Visual Studio 12.0\VC\include\numeric(31) : see reference to function template instantiation '_Ty std::_Accumulate<_Iter,_Ty,_Fn2>(_InIt,_InIt,_Ty,_Fn2)' being compiled
                 with
                 [
                     _Ty=int
         ,            _Iter=double *
         ,            _Fn2=std::plus<void>
         ,            _InIt=double *
                 ]
                 C:\Program Files (x86)\Microsoft Visual Studio 12.0\VC\include\numeric(39) : see reference to function template instantiation '_Ty std::accumulate<_InIt,_Ty,std::plus<void>>(_InIt,_InIt,_Ty,_Fn2)' being compiled
                 with
                 [
                     _Ty=int
         ,            _InIt=double *
         ,            _Fn2=std::plus<void>
                 ]
                 main.cpp(223) : see reference to function template instantiation '_Ty std::accumulate<double*,int>(_InIt,_InIt,_Ty)' being compiled
                 with
                 [
                     _Ty=int
         ,            _InIt=double *
                 ]
         Generating Code...
       Link:
         C:\Program Files (x86)\Microsoft Visual Studio 12.0\VC\bin\x86_amd64\link.exe /ERRORREPORT:PROMPT /OUT:"C:\Users\Sidarth Giddu\Documents\Visual Studio 2013\Projects\iRobot_art\x64\Debug\iRobot_art.exe" /INCREMENTAL /NOLOGO /LIBPATH:C:\opencv\build\x64\vc12\lib opencv_calib3d249d.lib opencv_contrib249d.lib opencv_core249d.lib opencv_features2d249d.lib opencv_flann249d.lib opencv_gpu249d.lib opencv_highgui249d.lib opencv_imgproc249d.lib opencv_legacy249d.lib opencv_ml249d.lib opencv_nonfree249d.lib opencv_objdetect249d.lib opencv_ocl249d.lib opencv_photo249d.lib opencv_stitching249d.lib opencv_superres249d.lib opencv_ts249d.lib opencv_video249d.lib opencv_videostab249d.lib kernel32.lib user32.lib gdi32.lib winspool.lib comdlg32.lib advapi32.lib shell32.lib ole32.lib oleaut32.lib uuid.lib odbc32.lib odbccp32.lib /MANIFEST /MANIFESTUAC:"level='asInvoker' uiAccess='false'" /manifest:embed /DEBUG /PDB:"C:\Users\Sidarth Giddu\Documents\Visual Studio 2013\Projects\iRobot_art\x64\Debug\iRobot_art.pdb" /TLBID:1 /DYNAMICBASE /NXCOMPAT /IMPLIB:"C:\Users\Sidarth Giddu\Documents\Visual Studio 2013\Projects\iRobot_art\x64\Debug\iRobot_art.lib" /MACHINE:X64 x64\Debug\ClientGame.obj
         x64\Debug\ClientNetwork.obj
         x64\Debug\main.obj
         x64\Debug\NetworkServices.obj
         x64\Debug\ServerGame.obj
         x64\Debug\ServerNetwork.obj
         x64\Debug\stdafx.obj
         iRobot_art.vcxproj -> C:\Users\Sidarth Giddu\Documents\Visual Studio 2013\Projects\iRobot_art\x64\Debug\iRobot_art.exe
     1>Done Building Project "C:\Users\Sidarth Giddu\Documents\Visual Studio 2013\Projects\iRobot_art\iRobot_art\iRobot_art.vcxproj" (Build target(s)).

Build succeeded.

Time Elapsed 00:00:02.91
